{"timestamp": "2026-06-11T18:44:31.887261+00:00", "level": "INFO", "logger": "__main__", "message": "Validando variables de entorno...", "module": "main", "function": "initialize_system", "line": 100, "pid": 47495}
{"timestamp": "2026-06-11T18:44:31.887425+00:00", "level": "INFO", "logger": "__main__", "message": "✅ Variables de entorno OK.", "module": "main", "function": "initialize_system", "line": 103, "pid": 47495}
{"timestamp": "2026-06-11T18:44:31.887475+00:00", "level": "INFO", "logger": "__main__", "message": "Environment: testing", "module": "main", "function": "initialize_system", "line": 108, "pid": 47495}
{"timestamp": "2026-06-11T18:44:31.887517+00:00", "level": "INFO", "logger": "__main__", "message": "Debug: True", "module": "main", "function": "initialize_system", "line": 109, "pid": 47495}
{"timestamp": "2026-06-11T18:44:31.887549+00:00", "level": "INFO", "logger": "__main__", "message": "Timezone: America/Lima", "module": "main", "function": "initialize_system", "line": 110, "pid": 47495}
{"timestamp": "2026-06-11T18:44:31.887629+00:00", "level": "INFO", "logger": "__main__", "message": "✅ Directorios de trabajo creados: ./images, ./output, ./logs, ./csv, ./estados", "module": "main", "function": "initialize_system", "line": 124, "pid": 47495}
{"timestamp": "2026-06-11T18:44:31.887658+00:00", "level": "INFO", "logger": "__main__", "message": "Inicializando base de datos...", "module": "main", "function": "initialize_system", "line": 130, "pid": 47495}
{"timestamp": "2026-06-11T18:44:34.441359+00:00", "level": "INFO", "logger": "__main__", "message": "✅ Base de datos inicializada (tablas creadas si no existían).", "module": "main", "function": "initialize_system", "line": 132, "pid": 47495}
{"timestamp": "2026-06-11T18:44:34.441473+00:00", "level": "INFO", "logger": "__main__", "message": "Inicializando contenedor de dependencias...", "module": "main", "function": "initialize_system", "line": 144, "pid": 47495}
{"timestamp": "2026-06-11T18:44:35.130304+00:00", "level": "INFO", "logger": "__main__", "message": "✅ Contenedor IoC inicializado.", "module": "main", "function": "initialize_system", "line": 147, "pid": 47495}
{"timestamp": "2026-06-11T18:44:35.130415+00:00", "level": "INFO", "logger": "__main__", "message": "   Servicios registrados: 13", "module": "main", "function": "initialize_system", "line": 149, "pid": 47495}
{"timestamp": "2026-06-11T18:44:35.130665+00:00", "level": "INFO", "logger": "__main__", "message": "🚀 Sistema inicializado correctamente.", "module": "main", "function": "initialize_system", "line": 156, "pid": 47495}
{"timestamp": "2026-06-11T18:44:35.130783+00:00", "level": "INFO", "logger": "__main__", "message": "Magic Chatbot v2 starting - env=testing - pid=47495", "module": "main", "function": "main", "line": 516, "pid": 47495}
{"timestamp": "2026-06-11T18:44:35.130830+00:00", "level": "INFO", "logger": "__main__", "message": "🤖 Modo: SOLO BOT (POLLING)", "module": "main", "function": "main", "line": 605, "pid": 47495}
{"timestamp": "2026-06-11T18:44:35.233219+00:00", "level": "INFO", "logger": "__main__", "message": "Construyendo aplicación de Telegram...", "module": "main", "function": "build_telegram_app", "line": 187, "pid": 47495}
{"timestamp": "2026-06-11T18:44:35.331818+00:00", "level": "INFO", "logger": "services.pricing_service", "message": "PricingService inicializado: 4 precios cacheados.", "module": "pricing_service", "function": "__init__", "line": 66, "pid": 47495}
{"timestamp": "2026-06-11T18:44:35.426309+00:00", "level": "INFO", "logger": "services.google_credentials", "message": "Google credentials loaded from file: ../credentials/magic-chatbottelegram-948350ae1b51.json", "module": "google_credentials", "function": "get_google_credentials", "line": 72, "pid": 47495}
{"timestamp": "2026-06-11T18:44:35.492509+00:00", "level": "INFO", "logger": "services.google_sheets", "message": "Google Sheets credentials loaded from get_google_credentials().", "module": "google_sheets", "function": "__init__", "line": 119, "pid": 47495}
{"timestamp": "2026-06-11T18:44:35.493348+00:00", "level": "INFO", "logger": "googleapiclient.discovery_cache", "message": "file_cache is only supported with oauth2client<4.0.0", "module": "__init__", "function": "autodetect", "line": 49, "pid": 47495}
{"timestamp": "2026-06-11T18:44:35.494855+00:00", "level": "INFO", "logger": "services.google_sheets", "message": "GoogleSheetsService inicializado correctamente.", "module": "google_sheets", "function": "__init__", "line": 135, "pid": 47495}
{"timestamp": "2026-06-11T18:44:36.257220+00:00", "level": "INFO", "logger": "services.google_vision", "message": "Cliente de Google Cloud Vision inicializado correctamente.", "module": "google_vision", "function": "__init__", "line": 62, "pid": 47495}
{"timestamp": "2026-06-11T18:44:36.326875+00:00", "level": "INFO", "logger": "services.promotion_service", "message": "PromotionService inicializado: tabla=MAGIC-USER-SESSIONS-LOG, region=us-east-1", "module": "promotion_service", "function": "__init__", "line": 126, "pid": 47495}
{"timestamp": "2026-06-11T18:44:43.374115+00:00", "level": "INFO", "logger": "__main__", "message": "✅ Handlers de comandos registrados: /start, /vm, /wsp, /valid, /id, /version, /help", "module": "main", "function": "build_telegram_app", "line": 286, "pid": 47495}
{"timestamp": "2026-06-11T18:44:43.374192+00:00", "level": "INFO", "logger": "__main__", "message": "✅ Handler de callbacks registrado.", "module": "main", "function": "build_telegram_app", "line": 294, "pid": 47495}
{"timestamp": "2026-06-11T18:44:43.374247+00:00", "level": "INFO", "logger": "__main__", "message": "✅ Handlers de mensajes registrados (texto + imágenes).", "module": "main", "function": "build_telegram_app", "line": 307, "pid": 47495}
{"timestamp": "2026-06-11T18:44:43.374291+00:00", "level": "INFO", "logger": "handlers.errors", "message": "Error handler global registrado en la aplicación.", "module": "errors", "function": "register", "line": 333, "pid": 47495}
{"timestamp": "2026-06-11T18:44:43.374321+00:00", "level": "INFO", "logger": "__main__", "message": "✅ Handler global de errores registrado.", "module": "main", "function": "build_telegram_app", "line": 313, "pid": 47495}
{"timestamp": "2026-06-11T18:44:43.374350+00:00", "level": "INFO", "logger": "__main__", "message": "🏗️  Aplicación de Telegram construida exitosamente.", "module": "main", "function": "build_telegram_app", "line": 315, "pid": 47495}
{"timestamp": "2026-06-11T18:44:43.379245+00:00", "level": "INFO", "logger": "__main__", "message": "🤖 Iniciando bot en modo POLLING...", "module": "main", "function": "run_polling", "line": 334, "pid": 47495}
{"timestamp": "2026-06-11T18:44:43.379315+00:00", "level": "INFO", "logger": "__main__", "message": "   Presiona Ctrl+C para detener.", "module": "main", "function": "run_polling", "line": 335, "pid": 47495}
{"timestamp": "2026-06-11T18:44:44.142026+00:00", "level": "INFO", "logger": "apscheduler.scheduler", "message": "Scheduler started", "module": "base", "function": "start", "line": 214, "pid": 47495}
{"timestamp": "2026-06-11T18:44:44.142219+00:00", "level": "INFO", "logger": "telegram.ext.Application", "message": "Application started", "module": "_application", "function": "start", "line": 633, "pid": 47495}
{"timestamp": "2026-06-11T18:45:37.526518+00:00", "level": "INFO", "logger": "__main__", "message": "Validando variables de entorno...", "module": "main", "function": "initialize_system", "line": 100, "pid": 48411}
{"timestamp": "2026-06-11T18:45:37.526774+00:00", "level": "INFO", "logger": "__main__", "message": "✅ Variables de entorno OK.", "module": "main", "function": "initialize_system", "line": 103, "pid": 48411}
{"timestamp": "2026-06-11T18:45:37.526840+00:00", "level": "INFO", "logger": "__main__", "message": "Environment: testing", "module": "main", "function": "initialize_system", "line": 108, "pid": 48411}
{"timestamp": "2026-06-11T18:45:37.526882+00:00", "level": "INFO", "logger": "__main__", "message": "Debug: True", "module": "main", "function": "initialize_system", "line": 109, "pid": 48411}
{"timestamp": "2026-06-11T18:45:37.526914+00:00", "level": "INFO", "logger": "__main__", "message": "Timezone: America/Lima", "module": "main", "function": "initialize_system", "line": 110, "pid": 48411}
{"timestamp": "2026-06-11T18:45:37.527002+00:00", "level": "INFO", "logger": "__main__", "message": "✅ Directorios de trabajo creados: ./images, ./output, ./logs, ./csv, ./estados", "module": "main", "function": "initialize_system", "line": 124, "pid": 48411}
{"timestamp": "2026-06-11T18:45:37.527032+00:00", "level": "INFO", "logger": "__main__", "message": "Inicializando base de datos...", "module": "main", "function": "initialize_system", "line": 130, "pid": 48411}
{"timestamp": "2026-06-11T18:45:39.709427+00:00", "level": "INFO", "logger": "__main__", "message": "✅ Base de datos inicializada (tablas creadas si no existían).", "module": "main", "function": "initialize_system", "line": 132, "pid": 48411}
{"timestamp": "2026-06-11T18:45:39.709522+00:00", "level": "INFO", "logger": "__main__", "message": "Inicializando contenedor de dependencias...", "module": "main", "function": "initialize_system", "line": 144, "pid": 48411}
{"timestamp": "2026-06-11T18:45:40.370349+00:00", "level": "INFO", "logger": "__main__", "message": "✅ Contenedor IoC inicializado.", "module": "main", "function": "initialize_system", "line": 147, "pid": 48411}
{"timestamp": "2026-06-11T18:45:40.370470+00:00", "level": "INFO", "logger": "__main__", "message": "   Servicios registrados: 13", "module": "main", "function": "initialize_system", "line": 149, "pid": 48411}
{"timestamp": "2026-06-11T18:45:40.370674+00:00", "level": "INFO", "logger": "__main__", "message": "🚀 Sistema inicializado correctamente.", "module": "main", "function": "initialize_system", "line": 156, "pid": 48411}
{"timestamp": "2026-06-11T18:45:40.370795+00:00", "level": "INFO", "logger": "__main__", "message": "Magic Chatbot v2 starting - env=testing - pid=48411", "module": "main", "function": "main", "line": 516, "pid": 48411}
{"timestamp": "2026-06-11T18:45:40.370831+00:00", "level": "INFO", "logger": "__main__", "message": "🤖 Modo: SOLO BOT (POLLING)", "module": "main", "function": "main", "line": 605, "pid": 48411}
{"timestamp": "2026-06-11T18:45:40.473078+00:00", "level": "INFO", "logger": "__main__", "message": "Construyendo aplicación de Telegram...", "module": "main", "function": "build_telegram_app", "line": 187, "pid": 48411}
{"timestamp": "2026-06-11T18:45:40.568271+00:00", "level": "INFO", "logger": "services.pricing_service", "message": "PricingService inicializado: 4 precios cacheados.", "module": "pricing_service", "function": "__init__", "line": 66, "pid": 48411}
{"timestamp": "2026-06-11T18:45:40.658854+00:00", "level": "INFO", "logger": "services.google_credentials", "message": "Google credentials loaded from file: ../credentials/magic-chatbottelegram-948350ae1b51.json", "module": "google_credentials", "function": "get_google_credentials", "line": 72, "pid": 48411}
{"timestamp": "2026-06-11T18:45:40.725459+00:00", "level": "INFO", "logger": "services.google_sheets", "message": "Google Sheets credentials loaded from get_google_credentials().", "module": "google_sheets", "function": "__init__", "line": 119, "pid": 48411}
{"timestamp": "2026-06-11T18:45:40.726767+00:00", "level": "INFO", "logger": "googleapiclient.discovery_cache", "message": "file_cache is only supported with oauth2client<4.0.0", "module": "__init__", "function": "autodetect", "line": 49, "pid": 48411}
{"timestamp": "2026-06-11T18:45:40.728487+00:00", "level": "INFO", "logger": "services.google_sheets", "message": "GoogleSheetsService inicializado correctamente.", "module": "google_sheets", "function": "__init__", "line": 135, "pid": 48411}
{"timestamp": "2026-06-11T18:45:40.899692+00:00", "level": "INFO", "logger": "services.google_vision", "message": "Cliente de Google Cloud Vision inicializado correctamente.", "module": "google_vision", "function": "__init__", "line": 62, "pid": 48411}
{"timestamp": "2026-06-11T18:45:40.964621+00:00", "level": "INFO", "logger": "services.promotion_service", "message": "PromotionService inicializado: tabla=MAGIC-USER-SESSIONS-LOG, region=us-east-1", "module": "promotion_service", "function": "__init__", "line": 126, "pid": 48411}
{"timestamp": "2026-06-11T18:45:41.251389+00:00", "level": "INFO", "logger": "__main__", "message": "✅ Handlers de comandos registrados: /start, /vm, /wsp, /valid, /id, /version, /help", "module": "main", "function": "build_telegram_app", "line": 286, "pid": 48411}
{"timestamp": "2026-06-11T18:45:41.251465+00:00", "level": "INFO", "logger": "__main__", "message": "✅ Handler de callbacks registrado.", "module": "main", "function": "build_telegram_app", "line": 294, "pid": 48411}
{"timestamp": "2026-06-11T18:45:41.251523+00:00", "level": "INFO", "logger": "__main__", "message": "✅ Handlers de mensajes registrados (texto + imágenes).", "module": "main", "function": "build_telegram_app", "line": 307, "pid": 48411}
{"timestamp": "2026-06-11T18:45:41.251566+00:00", "level": "INFO", "logger": "handlers.errors", "message": "Error handler global registrado en la aplicación.", "module": "errors", "function": "register", "line": 333, "pid": 48411}
{"timestamp": "2026-06-11T18:45:41.251596+00:00", "level": "INFO", "logger": "__main__", "message": "✅ Handler global de errores registrado.", "module": "main", "function": "build_telegram_app", "line": 313, "pid": 48411}
{"timestamp": "2026-06-11T18:45:41.251624+00:00", "level": "INFO", "logger": "__main__", "message": "🏗️  Aplicación de Telegram construida exitosamente.", "module": "main", "function": "build_telegram_app", "line": 315, "pid": 48411}
{"timestamp": "2026-06-11T18:45:41.254005+00:00", "level": "CRITICAL", "logger": "__main__", "message": "❌ Error fatal no controlado: [Errno 48] Address already in use", "module": "main", "function": "<module>", "line": 653, "pid": 48411, "exception": "[Errno 48] Address already in use", "exception_type": "OSError"}
{"timestamp": "2026-06-11T18:45:46.188771+00:00", "level": "INFO", "logger": "__main__", "message": "Validando variables de entorno...", "module": "main", "function": "initialize_system", "line": 100, "pid": 48628}
{"timestamp": "2026-06-11T18:45:46.188897+00:00", "level": "INFO", "logger": "__main__", "message": "✅ Variables de entorno OK.", "module": "main", "function": "initialize_system", "line": 103, "pid": 48628}
{"timestamp": "2026-06-11T18:45:46.188956+00:00", "level": "INFO", "logger": "__main__", "message": "Environment: testing", "module": "main", "function": "initialize_system", "line": 108, "pid": 48628}
{"timestamp": "2026-06-11T18:45:46.188992+00:00", "level": "INFO", "logger": "__main__", "message": "Debug: True", "module": "main", "function": "initialize_system", "line": 109, "pid": 48628}
{"timestamp": "2026-06-11T18:45:46.189023+00:00", "level": "INFO", "logger": "__main__", "message": "Timezone: America/Lima", "module": "main", "function": "initialize_system", "line": 110, "pid": 48628}
{"timestamp": "2026-06-11T18:45:46.189102+00:00", "level": "INFO", "logger": "__main__", "message": "✅ Directorios de trabajo creados: ./images, ./output, ./logs, ./csv, ./estados", "module": "main", "function": "initialize_system", "line": 124, "pid": 48628}
{"timestamp": "2026-06-11T18:45:46.189129+00:00", "level": "INFO", "logger": "__main__", "message": "Inicializando base de datos...", "module": "main", "function": "initialize_system", "line": 130, "pid": 48628}
{"timestamp": "2026-06-11T18:45:48.161721+00:00", "level": "INFO", "logger": "__main__", "message": "✅ Base de datos inicializada (tablas creadas si no existían).", "module": "main", "function": "initialize_system", "line": 132, "pid": 48628}
{"timestamp": "2026-06-11T18:45:48.161817+00:00", "level": "INFO", "logger": "__main__", "message": "Inicializando contenedor de dependencias...", "module": "main", "function": "initialize_system", "line": 144, "pid": 48628}
{"timestamp": "2026-06-11T18:45:48.807884+00:00", "level": "INFO", "logger": "__main__", "message": "✅ Contenedor IoC inicializado.", "module": "main", "function": "initialize_system", "line": 147, "pid": 48628}
{"timestamp": "2026-06-11T18:45:48.807986+00:00", "level": "INFO", "logger": "__main__", "message": "   Servicios registrados: 13", "module": "main", "function": "initialize_system", "line": 149, "pid": 48628}
{"timestamp": "2026-06-11T18:45:48.808169+00:00", "level": "INFO", "logger": "__main__", "message": "🚀 Sistema inicializado correctamente.", "module": "main", "function": "initialize_system", "line": 156, "pid": 48628}
{"timestamp": "2026-06-11T18:45:48.808316+00:00", "level": "INFO", "logger": "__main__", "message": "Magic Chatbot v2 starting - env=testing - pid=48628", "module": "main", "function": "main", "line": 516, "pid": 48628}
{"timestamp": "2026-06-11T18:45:48.808351+00:00", "level": "INFO", "logger": "__main__", "message": "🤖 Modo: SOLO BOT (POLLING)", "module": "main", "function": "main", "line": 605, "pid": 48628}
{"timestamp": "2026-06-11T18:45:48.878827+00:00", "level": "INFO", "logger": "__main__", "message": "Construyendo aplicación de Telegram...", "module": "main", "function": "build_telegram_app", "line": 187, "pid": 48628}
{"timestamp": "2026-06-11T18:45:48.972895+00:00", "level": "INFO", "logger": "services.pricing_service", "message": "PricingService inicializado: 4 precios cacheados.", "module": "pricing_service", "function": "__init__", "line": 66, "pid": 48628}
{"timestamp": "2026-06-11T18:45:49.033859+00:00", "level": "INFO", "logger": "services.google_credentials", "message": "Google credentials loaded from file: ../credentials/magic-chatbottelegram-948350ae1b51.json", "module": "google_credentials", "function": "get_google_credentials", "line": 72, "pid": 48628}
{"timestamp": "2026-06-11T18:45:49.099778+00:00", "level": "INFO", "logger": "services.google_sheets", "message": "Google Sheets credentials loaded from get_google_credentials().", "module": "google_sheets", "function": "__init__", "line": 119, "pid": 48628}
{"timestamp": "2026-06-11T18:45:49.100717+00:00", "level": "INFO", "logger": "googleapiclient.discovery_cache", "message": "file_cache is only supported with oauth2client<4.0.0", "module": "__init__", "function": "autodetect", "line": 49, "pid": 48628}
{"timestamp": "2026-06-11T18:45:49.102102+00:00", "level": "INFO", "logger": "services.google_sheets", "message": "GoogleSheetsService inicializado correctamente.", "module": "google_sheets", "function": "__init__", "line": 135, "pid": 48628}
{"timestamp": "2026-06-11T18:45:49.244798+00:00", "level": "INFO", "logger": "services.google_vision", "message": "Cliente de Google Cloud Vision inicializado correctamente.", "module": "google_vision", "function": "__init__", "line": 62, "pid": 48628}
{"timestamp": "2026-06-11T18:45:49.313740+00:00", "level": "INFO", "logger": "services.promotion_service", "message": "PromotionService inicializado: tabla=MAGIC-USER-SESSIONS-LOG, region=us-east-1", "module": "promotion_service", "function": "__init__", "line": 126, "pid": 48628}
{"timestamp": "2026-06-11T18:45:49.551623+00:00", "level": "INFO", "logger": "__main__", "message": "✅ Handlers de comandos registrados: /start, /vm, /wsp, /valid, /id, /version, /help", "module": "main", "function": "build_telegram_app", "line": 286, "pid": 48628}
{"timestamp": "2026-06-11T18:45:49.551712+00:00", "level": "INFO", "logger": "__main__", "message": "✅ Handler de callbacks registrado.", "module": "main", "function": "build_telegram_app", "line": 294, "pid": 48628}
{"timestamp": "2026-06-11T18:45:49.551772+00:00", "level": "INFO", "logger": "__main__", "message": "✅ Handlers de mensajes registrados (texto + imágenes).", "module": "main", "function": "build_telegram_app", "line": 307, "pid": 48628}
{"timestamp": "2026-06-11T18:45:49.551823+00:00", "level": "INFO", "logger": "handlers.errors", "message": "Error handler global registrado en la aplicación.", "module": "errors", "function": "register", "line": 333, "pid": 48628}
{"timestamp": "2026-06-11T18:45:49.551855+00:00", "level": "INFO", "logger": "__main__", "message": "✅ Handler global de errores registrado.", "module": "main", "function": "build_telegram_app", "line": 313, "pid": 48628}
{"timestamp": "2026-06-11T18:45:49.551902+00:00", "level": "INFO", "logger": "__main__", "message": "🏗️  Aplicación de Telegram construida exitosamente.", "module": "main", "function": "build_telegram_app", "line": 315, "pid": 48628}
{"timestamp": "2026-06-11T18:45:49.553330+00:00", "level": "CRITICAL", "logger": "__main__", "message": "❌ Error fatal no controlado: [Errno 48] Address already in use", "module": "main", "function": "<module>", "line": 653, "pid": 48628, "exception": "[Errno 48] Address already in use", "exception_type": "OSError"}
{"timestamp": "2026-06-11T18:46:02.539233+00:00", "level": "INFO", "logger": "__main__", "message": "Validando variables de entorno...", "module": "main", "function": "initialize_system", "line": 100, "pid": 49141}
{"timestamp": "2026-06-11T18:46:02.539353+00:00", "level": "INFO", "logger": "__main__", "message": "✅ Variables de entorno OK.", "module": "main", "function": "initialize_system", "line": 103, "pid": 49141}
{"timestamp": "2026-06-11T18:46:02.539410+00:00", "level": "INFO", "logger": "__main__", "message": "Environment: testing", "module": "main", "function": "initialize_system", "line": 108, "pid": 49141}
{"timestamp": "2026-06-11T18:46:02.539449+00:00", "level": "INFO", "logger": "__main__", "message": "Debug: True", "module": "main", "function": "initialize_system", "line": 109, "pid": 49141}
{"timestamp": "2026-06-11T18:46:02.539481+00:00", "level": "INFO", "logger": "__main__", "message": "Timezone: America/Lima", "module": "main", "function": "initialize_system", "line": 110, "pid": 49141}
{"timestamp": "2026-06-11T18:46:02.539557+00:00", "level": "INFO", "logger": "__main__", "message": "✅ Directorios de trabajo creados: ./images, ./output, ./logs, ./csv, ./estados", "module": "main", "function": "initialize_system", "line": 124, "pid": 49141}
{"timestamp": "2026-06-11T18:46:02.539590+00:00", "level": "INFO", "logger": "__main__", "message": "Inicializando base de datos...", "module": "main", "function": "initialize_system", "line": 130, "pid": 49141}
{"timestamp": "2026-06-11T18:46:04.709935+00:00", "level": "INFO", "logger": "__main__", "message": "✅ Base de datos inicializada (tablas creadas si no existían).", "module": "main", "function": "initialize_system", "line": 132, "pid": 49141}
{"timestamp": "2026-06-11T18:46:04.710035+00:00", "level": "INFO", "logger": "__main__", "message": "Inicializando contenedor de dependencias...", "module": "main", "function": "initialize_system", "line": 144, "pid": 49141}
{"timestamp": "2026-06-11T18:46:05.339585+00:00", "level": "INFO", "logger": "__main__", "message": "✅ Contenedor IoC inicializado.", "module": "main", "function": "initialize_system", "line": 147, "pid": 49141}
{"timestamp": "2026-06-11T18:46:05.339696+00:00", "level": "INFO", "logger": "__main__", "message": "   Servicios registrados: 13", "module": "main", "function": "initialize_system", "line": 149, "pid": 49141}
{"timestamp": "2026-06-11T18:46:05.339890+00:00", "level": "INFO", "logger": "__main__", "message": "🚀 Sistema inicializado correctamente.", "module": "main", "function": "initialize_system", "line": 156, "pid": 49141}
{"timestamp": "2026-06-11T18:46:05.340026+00:00", "level": "INFO", "logger": "__main__", "message": "Magic Chatbot v2 starting - env=testing - pid=49141", "module": "main", "function": "main", "line": 516, "pid": 49141}
{"timestamp": "2026-06-11T18:46:05.340064+00:00", "level": "INFO", "logger": "__main__", "message": "🤖 Modo: SOLO BOT (POLLING)", "module": "main", "function": "main", "line": 605, "pid": 49141}
{"timestamp": "2026-06-11T18:46:05.410223+00:00", "level": "INFO", "logger": "__main__", "message": "Construyendo aplicación de Telegram...", "module": "main", "function": "build_telegram_app", "line": 187, "pid": 49141}
{"timestamp": "2026-06-11T18:46:05.502619+00:00", "level": "INFO", "logger": "services.pricing_service", "message": "PricingService inicializado: 4 precios cacheados.", "module": "pricing_service", "function": "__init__", "line": 66, "pid": 49141}
{"timestamp": "2026-06-11T18:46:05.566938+00:00", "level": "INFO", "logger": "services.google_credentials", "message": "Google credentials loaded from file: ../credentials/magic-chatbottelegram-948350ae1b51.json", "module": "google_credentials", "function": "get_google_credentials", "line": 72, "pid": 49141}
{"timestamp": "2026-06-11T18:46:05.632733+00:00", "level": "INFO", "logger": "services.google_sheets", "message": "Google Sheets credentials loaded from get_google_credentials().", "module": "google_sheets", "function": "__init__", "line": 119, "pid": 49141}
{"timestamp": "2026-06-11T18:46:05.633733+00:00", "level": "INFO", "logger": "googleapiclient.discovery_cache", "message": "file_cache is only supported with oauth2client<4.0.0", "module": "__init__", "function": "autodetect", "line": 49, "pid": 49141}
{"timestamp": "2026-06-11T18:46:05.635141+00:00", "level": "INFO", "logger": "services.google_sheets", "message": "GoogleSheetsService inicializado correctamente.", "module": "google_sheets", "function": "__init__", "line": 135, "pid": 49141}
{"timestamp": "2026-06-11T18:46:05.781276+00:00", "level": "INFO", "logger": "services.google_vision", "message": "Cliente de Google Cloud Vision inicializado correctamente.", "module": "google_vision", "function": "__init__", "line": 62, "pid": 49141}
{"timestamp": "2026-06-11T18:46:05.842290+00:00", "level": "INFO", "logger": "services.promotion_service", "message": "PromotionService inicializado: tabla=MAGIC-USER-SESSIONS-LOG, region=us-east-1", "module": "promotion_service", "function": "__init__", "line": 126, "pid": 49141}
{"timestamp": "2026-06-11T18:46:06.072999+00:00", "level": "INFO", "logger": "__main__", "message": "✅ Handlers de comandos registrados: /start, /vm, /wsp, /valid, /id, /version, /help", "module": "main", "function": "build_telegram_app", "line": 286, "pid": 49141}
{"timestamp": "2026-06-11T18:46:06.073115+00:00", "level": "INFO", "logger": "__main__", "message": "✅ Handler de callbacks registrado.", "module": "main", "function": "build_telegram_app", "line": 294, "pid": 49141}
{"timestamp": "2026-06-11T18:46:06.073205+00:00", "level": "INFO", "logger": "__main__", "message": "✅ Handlers de mensajes registrados (texto + imágenes).", "module": "main", "function": "build_telegram_app", "line": 307, "pid": 49141}
{"timestamp": "2026-06-11T18:46:06.073299+00:00", "level": "INFO", "logger": "handlers.errors", "message": "Error handler global registrado en la aplicación.", "module": "errors", "function": "register", "line": 333, "pid": 49141}
{"timestamp": "2026-06-11T18:46:06.073356+00:00", "level": "INFO", "logger": "__main__", "message": "✅ Handler global de errores registrado.", "module": "main", "function": "build_telegram_app", "line": 313, "pid": 49141}
{"timestamp": "2026-06-11T18:46:06.073418+00:00", "level": "INFO", "logger": "__main__", "message": "🏗️  Aplicación de Telegram construida exitosamente.", "module": "main", "function": "build_telegram_app", "line": 315, "pid": 49141}
{"timestamp": "2026-06-11T18:46:06.076949+00:00", "level": "INFO", "logger": "__main__", "message": "🤖 Iniciando bot en modo POLLING...", "module": "main", "function": "run_polling", "line": 334, "pid": 49141}
{"timestamp": "2026-06-11T18:46:06.077008+00:00", "level": "INFO", "logger": "__main__", "message": "   Presiona Ctrl+C para detener.", "module": "main", "function": "run_polling", "line": 335, "pid": 49141}
{"timestamp": "2026-06-11T18:46:06.827551+00:00", "level": "INFO", "logger": "apscheduler.scheduler", "message": "Scheduler started", "module": "base", "function": "start", "line": 214, "pid": 49141}
{"timestamp": "2026-06-11T18:46:06.827656+00:00", "level": "INFO", "logger": "telegram.ext.Application", "message": "Application started", "module": "_application", "function": "start", "line": 633, "pid": 49141}
{"timestamp": "2026-06-11T18:47:10.794131+00:00", "level": "INFO", "logger": "services.user_service", "message": "Usuario registrado/actualizado: telegram_id=7860625816, name=Sergio", "module": "user_service", "function": "register_user", "line": 76, "pid": 49141}
{"timestamp": "2026-06-11T18:47:11.351552+00:00", "level": "WARNING", "logger": "services.promotion_service", "message": "PromotionService marcado como NO DISPONIBLE. Verifica las credenciales AWS (AWS_ACCESS_KEY_ID, AWS_SECRET_ACCESS_KEY).", "module": "promotion_service", "function": "_mark_unavailable", "line": 147, "pid": 49141}
{"timestamp": "2026-06-11T18:47:11.351638+00:00", "level": "ERROR", "logger": "services.promotion_service", "message": "Error al verificar usuario 7860625816: An error occurred (InvalidSignatureException) when calling the Scan operation: The request signature we calculated does not match the signature you provided. Check your AWS Secret Access Key and signing method. Consult the service documentation for details.", "module": "promotion_service", "function": "register_user", "line": 212, "pid": 49141}
{"timestamp": "2026-06-11T18:47:20.507192+00:00", "level": "ERROR", "logger": "services.media_service", "message": "Failed to send photo 'vip_pricing': Wrong file identifier/http url specified", "module": "media_service", "function": "send_photo", "line": 58, "pid": 49141}
{"timestamp": "2026-06-11T18:47:25.035060+00:00", "level": "ERROR", "logger": "services.media_service", "message": "Failed to send photo 'stake_pricing': Wrong file identifier/http url specified", "module": "media_service", "function": "send_photo", "line": 58, "pid": 49141}
{"timestamp": "2026-06-11T18:47:41.403858+00:00", "level": "INFO", "logger": "services.user_service", "message": "Usuario registrado/actualizado: telegram_id=7860625816, name=Sergio", "module": "user_service", "function": "register_user", "line": 76, "pid": 49141}
{"timestamp": "2026-06-11T18:47:41.404014+00:00", "level": "WARNING", "logger": "services.promotion_service", "message": "PromotionService no disponible. register_user omitido.", "module": "promotion_service", "function": "register_user", "line": 188, "pid": 49141}
